build/app/outputs/mapping/release/seeds.txt
com.waterdrinkreminder.MainActivity
com.waterdrinkreminder.MainActivity: MainActivity()
...
com.dexterous.flutterlocalnotifications.models.NotificationDetails: java.lang.String COLOR_ALPHA
com.google.android.exoplayer2.metadata.flac.PictureFrame: android.os.Parcelable$Creator CREATOR
com.dexterous.flutterlocalnotifications.models.NotificationDetails: java.lang.Boolean showProgress
androidx.appcompat.widget.SearchView: void setIconifiedByDefault(boolean)
androidx.recyclerview.widget.LinearLayoutManager: LinearLayoutManager(android.content.Context,android.util.AttributeSet,int,int)
androidx.fragment.app.FragmentContainerView
io.flutter.embedding.engine.FlutterJNI: void deferredComponentInstallFailure(int,java.lang.String,boolean)
com.yalantis.ucrop.view.OverlayView: void setShowCropGrid(boolean)
com.google.android.gms.internal.firebase-auth-api.zzen: com.google.android.gms.internal.firebase-auth-api.zzet zzg
androidx.appcompat.widget.AppCompatButton: int getAutoSizeStepGranularity()
com.bumptech.glide.request.RequestCoordinator$RequestState: com.bumptech.glide.request.RequestCoordinator$RequestState valueOf(java.lang.String)
androidx.viewpager.widget.ViewPager: void setOffscreenPageLimit(int)
com.google.android.gms.internal.firebase-auth-api.zzga: com.google.android.gms.internal.firebase-auth-api.zzyu zzf
com.google.android.gms.internal.firebase-auth-api.zzjt: int zze
com.dexterous.flutterlocalnotifications.models.NotificationDetails: java.lang.String REPEAT_TIME
androidx.appcompat.widget.ActionBarContextView: ActionBarContextView(android.content.Context,android.util.AttributeSet)
com.google.android.gms.internal.firebase-auth-api.zzwq: android.os.Parcelable$Creator CREATOR
com.google.android.material.button.MaterialButton: android.content.res.ColorStateList getRippleColor()
com.google.android.exoplayer2.metadata.emsg.EventMessage: android.os.Parcelable$Creator CREATOR
androidx.appcompat.widget.SearchView$SearchAutoComplete: int getSearchViewTextMinWidthDp()
org.threeten.bp.Instant: java.lang.Object writeReplace()
com.google.firebase.auth.FirebaseAuthRegistrar: com.google.firebase.auth.FirebaseAuth lambda$getComponents$0(com.google.firebase.components.ComponentContainer)
com.google.android.material.snackbar.BaseTransientBottomBar$Behavior: BaseTransientBottomBar$Behavior()
io.flutter.plugin.editing.ImeSyncDeferringInsetsCallback: void install()
io.flutter.embedding.engine.FlutterJNI: void nativeRunBundleAndSnapshotFromLibrary(long,java.lang.String,java.lang.String,java.lang.String,android.content.res.AssetManager)
androidx.media2.session.PlaybackInfoParcelizer: androidx.media2.session.MediaController$PlaybackInfo read(androidx.versionedparcelable.VersionedParcel)
androidx.appcompat.widget.AbsActionBarView: void setContentHeight(int)
androidx.vectordrawable.graphics.drawable.VectorDrawableCompat$VGroup: java.lang.String getGroupName()
com.dexterous.flutterlocalnotifications.models.NotificationDetails: java.lang.String MESSAGES
com.dexterous.flutterlocalnotifications.FlutterLocalNotificationsPlugin: void zonedScheduleNextNotificationMatchingDateComponents(android.content.Context,com.dexterous.flutterlocalnotifications.models.NotificationDetails)
com.google.android.material.internal.VisibilityAwareImageButton: void setVisibility(int)
androidx.media.AudioAttributesCompatParcelizer
androidx.appcompat.widget.Toolbar: void setTitle(java.lang.CharSequence)
com.dexterous.flutterlocalnotifications.models.NotificationChannelDetails: java.lang.String PLAY_SOUND
org.threeten.bp.Year: java.lang.Object writeReplace()
org.threeten.bp.chrono.ChronoZonedDateTimeImpl
androidx.versionedparcelable.ParcelImpl: android.os.Parcelable$Creator CREATOR
io.flutter.plugin.platform.SingleViewPresentation: java.lang.Object createParams
com.dexterous.flutterlocalnotifications.models.MessageDetails: MessageDetails(java.lang.String,java.lang.Long,com.dexterous.flutterlocalnotifications.models.PersonDetails,java.lang.String,java.lang.String)
com.google.android.material.floatingactionbutton.FloatingActionButton: void setBackgroundResource(int)