build/app/outputs/mapping/release/usage.txt
com.waterdrinkreminder.R$layout
com.waterdrinkreminder.R$color
com.waterdrinkreminder.R$dimen
com.waterdrinkreminder.R$drawable
com.waterdrinkreminder.R$string
com.waterdrinkreminder.R$animator
com.waterdrinkreminder.R
com.waterdrinkreminder.R$interpolator
com.waterdrinkreminder.R$styleable
com.waterdrinkreminder.R$anim
com.waterdrinkreminder.R$menu
com.waterdrinkreminder.R$style
com.waterdrinkreminder.R$xml
com.waterdrinkreminder.R$integer
com.waterdrinkreminder.BuildConfig
com.waterdrinkreminder.R$attr
com.waterdrinkreminder.R$mipmap
com.waterdrinkreminder.R$raw
com.waterdrinkreminder.R$id
com.waterdrinkreminder.R$bool
...
com.google.android.gms.auth.api.phone.SmsCodeRetriever
com.google.common.collect.LinkedHashMultimap$ValueSetLink
com.google.android.gms.common.api.internal.ListenerHolders
androidx.core.provider.SelfDestructiveThread$2$1
com.google.j2objc.annotations.WeakOuter
org.intellij.lang.annotations.JdkConstants$TitledBorderTitlePosition
com.sangcomz.fishbun.ui.picker.PickerActivity:
    private static final java.lang.String TAG
androidx.fragment.app.Fragment$OnPreAttachedListener:
    synthetic void <init>(androidx.fragment.app.Fragment$1)
com.google.common.collect.MapMakerInternalMap$1
com.google.common.collect.MapMakerInternalMap$WeakKeyWeakValueSegment
com.google.common.collect.MapMakerInternalMap$HashIterator
com.google.android.gms.common.api.internal.BasePendingResult$CallbackHandler:
    public void <init>()
okhttp3.Call:
    public abstract okhttp3.Request request()
    public abstract void enqueue(okhttp3.Callback)
    public abstract void cancel()
    public abstract boolean isExecuted()
    public abstract boolean isCanceled()
    public abstract okio.Timeout timeout()
    public abstract okhttp3.Call clone()
com.google.android.exoplayer2.audio.Ac3Util:
    private void <init>()
    public static final int AC3_MAX_RATE_BYTES_PER_SECOND
    public static final int E_AC3_MAX_RATE_BYTES_PER_SECOND
    public static final int TRUEHD_MAX_RATE_BYTES_PER_SECOND
    public static final int TRUEHD_RECHUNK_SAMPLE_COUNT
    public static final int TRUEHD_SYNCFRAME_PREFIX_LENGTH
    private static final int AUDIO_SAMPLES_PER_AUDIO_BLOCK
    private static final int AC3_SYNCFRAME_AUDIO_SAMPLE_COUNT
androidx.media2.session.MediaSessionLegacyStub$SessionTask
com.google.common.reflect.TypeToInstanceMap
com.google.common.util.concurrent.CycleDetectingLockFactory$Policy
com.google.android.play.core.internal.bq:
    public static java.lang.Object a(java.lang.Object,java.lang.String,java.lang.Class,java.lang.Class,java.lang.Object)
    public static java.lang.Object a(java.lang.Object,java.lang.String,java.lang.Class,java.lang.Class,java.lang.Object,java.lang.Class,java.lang.Object,java.lang.Class,java.lang.Object)
    public static com.google.android.play.core.internal.bp a(java.lang.Object,java.lang.String,java.lang.Class)
    private static varargs java.lang.reflect.Method a(java.lang.Object,java.lang.String,java.lang.Class[])
    private static varargs java.lang.reflect.Method a(java.lang.Class,java.lang.String,java.lang.Class[])
    private static java.lang.reflect.Field a(java.lang.Object,java.lang.String)
    public static com.google.android.play.core.internal.bp b(java.lang.Object,java.lang.String,java.lang.Class)
    public static java.lang.Object a(java.lang.Class,java.lang.Class,java.lang.Class,java.lang.Object)
    public static java.lang.Object a(java.lang.Class,java.lang.Class,java.lang.Class,java.lang.Object,java.lang.Class,java.lang.Object)
androidx.core.view.WindowInsetsControllerCompat$Impl26
com.google.android.gms.common.data.AbstractDataBuffer
com.google.android.gms.tasks.zza
androidx.media2.session.MediaSessionImplBase$30
androidx.appcompat.widget.AppCompatSeekBarHelper:
    android.graphics.drawable.Drawable getTickMark()
    void setTickMarkTintList(android.content.res.ColorStateList)
    android.content.res.ColorStateList getTickMarkTintList()
    void setTickMarkTintMode(android.graphics.PorterDuff$Mode)
    android.graphics.PorterDuff$Mode getTickMarkTintMode()
kotlin.ExceptionsKt__ExceptionsKt:
    private static final void printStackTrace(java.lang.Throwable)
    private static final void printStackTrace(java.lang.Throwable,java.io.PrintWriter)
    private static final void printStackTrace(java.lang.Throwable,java.io.PrintStream)
    public static synthetic void stackTrace$annotations(java.lang.Throwable)
    public static final java.lang.StackTraceElement[] getStackTrace(java.lang.Throwable)
    public void <init>()